<?xml version="1.0" encoding="UTF-8"?>
<!-- Generated by org.testng.reporters.JUnitXMLReporter -->
<testsuite ignored="0" hostname="DESKTOP-SR5ISP2" failures="0" tests="10" name="Test" time="13.724" errors="0" timestamp="2023-12-27T17:02:14 IST">
  <testcase classname="api.test.LoginTest" name="testLogin" time="5.543"/>
  <testcase classname="api.test.EmployeeTest" name="testAddEmployee" time="1.974"/>
  <testcase classname="api.test.EmployeeTest" name="testEmployeeDetails" time="0.625"/>
  <testcase classname="api.test.EmployeeTest" name="TestUpdateEmployee" time="0.76"/>
  <testcase classname="api.test.EmployeeTest" name="TestDeleteEmployee" time="0.692"/>
  <testcase classname="api.test.EmployeeTest" name="TestSearchEmployee" time="0.704"/>
  <testcase classname="api.test.TeamTest" name="TestCreateTeam" time="0.742"/>
  <testcase classname="api.test.TeamTest" name="TestTeamDetails" time="0.676"/>
  <testcase classname="api.test.TeamTest" name="TestTeamUpdate" time="0.715"/>
  <testcase classname="api.test.TeamTest" name="TestTeamDelete" time="0.65"/>
</testsuite> <!-- Test -->
