<?xml version="1.0" encoding="UTF-8"?>
<!-- Generated by org.testng.reporters.JUnitXMLReporter -->
<testsuite ignored="0" hostname="DESKTOP-SR5ISP2" failures="0" tests="5" name="Test" time="6.561" errors="0" timestamp="2023-12-26T10:49:27 IST">
  <testcase classname="api.test.LoginTest" name="testLogin" time="2.813"/>
  <testcase classname="api.test.EmployeeTest" name="testAddEmployee" time="1.824"/>
  <testcase classname="api.test.EmployeeTest" name="testEmployeeDetails" time="0.517"/>
  <testcase classname="api.test.EmployeeTest" name="TestUpdateEmployee" time="0.646"/>
  <testcase classname="api.test.EmployeeTest" name="TestDeleteEmployee" time="0.534"/>
</testsuite> <!-- Test -->
