<?xml version="1.0" encoding="UTF-8"?>
<testng-results ignored="0" total="10" passed="10" failed="0" skipped="0">
  <reporter-output>
    <line>
      <![CDATA[Added employee successfully]]>
    </line>
    <line>
      <![CDATA[employee details....]]>
    </line>
    <line>
      <![CDATA[update employee successfully]]>
    </line>
    <line>
      <![CDATA[delete employee successfully]]>
    </line>
    <line>
      <![CDATA[search employee successfully]]>
    </line>
    <line>
      <![CDATA[team created successfully]]>
    </line>
    <line>
      <![CDATA[team datails.......]]>
    </line>
    <line>
      <![CDATA[team updated successfully]]>
    </line>
    <line>
      <![CDATA[team deleted successfully]]>
    </line>
  </reporter-output>
  <suite started-at="2023-12-27T17:02:01 IST" name="Suite" finished-at="2023-12-27T17:02:14 IST" duration-ms="13724">
    <groups>
    </groups>
    <test started-at="2023-12-27T17:02:01 IST" name="Test" finished-at="2023-12-27T17:02:14 IST" duration-ms="13724">
      <class name="api.test.LoginTest">
        <test-method is-config="true" signature="setupData()[pri:0, instance:api.test.LoginTest@130d63be]" started-at="2023-12-27T17:02:01 IST" name="setupData" finished-at="2023-12-27T17:02:01 IST" duration-ms="14" status="PASS">
          <reporter-output>
          </reporter-output>
        </test-method> <!-- setupData -->
        <test-method signature="testLogin(org.testng.ITestContext)[pri:0, instance:api.test.LoginTest@130d63be]" started-at="2023-12-27T17:02:01 IST" name="testLogin" finished-at="2023-12-27T17:02:06 IST" duration-ms="5543" status="PASS">
          <params>
            <param index="0">
              <value>
                <![CDATA[org.testng.TestRunner@2b4bac49]]>
              </value>
            </param>
          </params>
          <reporter-output>
          </reporter-output>
        </test-method> <!-- testLogin -->
      </class> <!-- api.test.LoginTest -->
      <class name="api.test.TeamTest">
        <test-method is-config="true" signature="setupData()[pri:0, instance:api.test.TeamTest@38d8f54a]" started-at="2023-12-27T17:02:12 IST" name="setupData" finished-at="2023-12-27T17:02:12 IST" duration-ms="83" status="PASS">
          <reporter-output>
          </reporter-output>
        </test-method> <!-- setupData -->
        <test-method signature="TestCreateTeam()[pri:1, instance:api.test.TeamTest@38d8f54a]" started-at="2023-12-27T17:02:12 IST" name="TestCreateTeam" finished-at="2023-12-27T17:02:12 IST" duration-ms="742" status="PASS">
          <reporter-output>
            <line>
              <![CDATA[team created successfully]]>
            </line>
          </reporter-output>
        </test-method> <!-- TestCreateTeam -->
        <test-method signature="TestTeamDetails()[pri:2, instance:api.test.TeamTest@38d8f54a]" started-at="2023-12-27T17:02:12 IST" name="TestTeamDetails" finished-at="2023-12-27T17:02:13 IST" duration-ms="676" status="PASS">
          <reporter-output>
            <line>
              <![CDATA[team datails.......]]>
            </line>
          </reporter-output>
        </test-method> <!-- TestTeamDetails -->
        <test-method signature="TestTeamUpdate()[pri:3, instance:api.test.TeamTest@38d8f54a]" started-at="2023-12-27T17:02:13 IST" name="TestTeamUpdate" finished-at="2023-12-27T17:02:14 IST" duration-ms="715" status="PASS">
          <reporter-output>
            <line>
              <![CDATA[team updated successfully]]>
            </line>
          </reporter-output>
        </test-method> <!-- TestTeamUpdate -->
        <test-method signature="TestTeamDelete()[pri:4, instance:api.test.TeamTest@38d8f54a]" started-at="2023-12-27T17:02:14 IST" name="TestTeamDelete" finished-at="2023-12-27T17:02:14 IST" duration-ms="650" status="PASS">
          <reporter-output>
            <line>
              <![CDATA[team deleted successfully]]>
            </line>
          </reporter-output>
        </test-method> <!-- TestTeamDelete -->
      </class> <!-- api.test.TeamTest -->
      <class name="api.test.EmployeeTest">
        <test-method is-config="true" signature="setupData()[pri:0, instance:api.test.EmployeeTest@409bf450]" started-at="2023-12-27T17:02:06 IST" name="setupData" finished-at="2023-12-27T17:02:07 IST" duration-ms="462" status="PASS">
          <reporter-output>
          </reporter-output>
        </test-method> <!-- setupData -->
        <test-method signature="testAddEmployee()[pri:1, instance:api.test.EmployeeTest@409bf450]" started-at="2023-12-27T17:02:07 IST" name="testAddEmployee" finished-at="2023-12-27T17:02:09 IST" duration-ms="1974" status="PASS">
          <reporter-output>
            <line>
              <![CDATA[Added employee successfully]]>
            </line>
          </reporter-output>
        </test-method> <!-- testAddEmployee -->
        <test-method signature="testEmployeeDetails()[pri:2, instance:api.test.EmployeeTest@409bf450]" started-at="2023-12-27T17:02:09 IST" name="testEmployeeDetails" finished-at="2023-12-27T17:02:09 IST" duration-ms="625" status="PASS">
          <reporter-output>
            <line>
              <![CDATA[employee details....]]>
            </line>
          </reporter-output>
        </test-method> <!-- testEmployeeDetails -->
        <test-method signature="TestUpdateEmployee()[pri:3, instance:api.test.EmployeeTest@409bf450]" started-at="2023-12-27T17:02:09 IST" name="TestUpdateEmployee" finished-at="2023-12-27T17:02:10 IST" duration-ms="760" status="PASS">
          <reporter-output>
            <line>
              <![CDATA[update employee successfully]]>
            </line>
          </reporter-output>
        </test-method> <!-- TestUpdateEmployee -->
        <test-method signature="TestDeleteEmployee()[pri:4, instance:api.test.EmployeeTest@409bf450]" started-at="2023-12-27T17:02:10 IST" name="TestDeleteEmployee" finished-at="2023-12-27T17:02:11 IST" duration-ms="692" status="PASS">
          <reporter-output>
            <line>
              <![CDATA[delete employee successfully]]>
            </line>
          </reporter-output>
        </test-method> <!-- TestDeleteEmployee -->
        <test-method signature="TestSearchEmployee()[pri:4, instance:api.test.EmployeeTest@409bf450]" started-at="2023-12-27T17:02:11 IST" name="TestSearchEmployee" finished-at="2023-12-27T17:02:12 IST" duration-ms="704" status="PASS">
          <reporter-output>
            <line>
              <![CDATA[search employee successfully]]>
            </line>
          </reporter-output>
        </test-method> <!-- TestSearchEmployee -->
      </class> <!-- api.test.EmployeeTest -->
    </test> <!-- Test -->
  </suite> <!-- Suite -->
</testng-results>
